C:\USERS\LABAN\DOCUMENTS\GITHUB\SUITEMUP\1. SUIT 'EM UP GAME DEVELOPMENT\SUITEMUP\SUITEMUP\DEBUG\ENEMYPROJECTILE.OBJ
C:\USERS\LABAN\DOCUMENTS\GITHUB\SUITEMUP\1. SUIT 'EM UP GAME DEVELOPMENT\SUITEMUP\SUITEMUP\DEBUG\ENGINE.OBJ
C:\USERS\LABAN\DOCUMENTS\GITHUB\SUITEMUP\1. SUIT 'EM UP GAME DEVELOPMENT\SUITEMUP\SUITEMUP\DEBUG\GAME.OBJ
C:\USERS\LABAN\DOCUMENTS\GITHUB\SUITEMUP\1. SUIT 'EM UP GAME DEVELOPMENT\SUITEMUP\SUITEMUP\DEBUG\GAMEOBJECT.OBJ
C:\USERS\LABAN\DOCUMENTS\GITHUB\SUITEMUP\1. SUIT 'EM UP GAME DEVELOPMENT\SUITEMUP\SUITEMUP\DEBUG\GAMEOBJECTMANAGER.OBJ
C:\USERS\LABAN\DOCUMENTS\GITHUB\SUITEMUP\1. SUIT 'EM UP GAME DEVELOPMENT\SUITEMUP\SUITEMUP\DEBUG\INPUTMANAGER.OBJ
C:\USERS\LABAN\DOCUMENTS\GITHUB\SUITEMUP\1. SUIT 'EM UP GAME DEVELOPMENT\SUITEMUP\SUITEMUP\DEBUG\LEVEL.OBJ
C:\USERS\LABAN\DOCUMENTS\GITHUB\SUITEMUP\1. SUIT 'EM UP GAME DEVELOPMENT\SUITEMUP\SUITEMUP\DEBUG\MAIN.OBJ
C:\USERS\LABAN\DOCUMENTS\GITHUB\SUITEMUP\1. SUIT 'EM UP GAME DEVELOPMENT\SUITEMUP\SUITEMUP\DEBUG\MAINMENU.OBJ
C:\USERS\LABAN\DOCUMENTS\GITHUB\SUITEMUP\1. SUIT 'EM UP GAME DEVELOPMENT\SUITEMUP\SUITEMUP\DEBUG\MOVINGGAMEOBJECT.OBJ
C:\USERS\LABAN\DOCUMENTS\GITHUB\SUITEMUP\1. SUIT 'EM UP GAME DEVELOPMENT\SUITEMUP\SUITEMUP\DEBUG\OPTIONS.OBJ
C:\USERS\LABAN\DOCUMENTS\GITHUB\SUITEMUP\1. SUIT 'EM UP GAME DEVELOPMENT\SUITEMUP\SUITEMUP\DEBUG\PLAYEROBJECT.OBJ
C:\USERS\LABAN\DOCUMENTS\GITHUB\SUITEMUP\1. SUIT 'EM UP GAME DEVELOPMENT\SUITEMUP\SUITEMUP\DEBUG\PLAYERPROJECTILE.OBJ
C:\USERS\LABAN\DOCUMENTS\GITHUB\SUITEMUP\1. SUIT 'EM UP GAME DEVELOPMENT\SUITEMUP\SUITEMUP\DEBUG\PROJECTILE.OBJ
C:\USERS\LABAN\DOCUMENTS\GITHUB\SUITEMUP\1. SUIT 'EM UP GAME DEVELOPMENT\SUITEMUP\SUITEMUP\DEBUG\SPAWNER.OBJ
C:\USERS\LABAN\DOCUMENTS\GITHUB\SUITEMUP\1. SUIT 'EM UP GAME DEVELOPMENT\SUITEMUP\SUITEMUP\DEBUG\SPRITEMANAGER.OBJ
C:\USERS\LABAN\DOCUMENTS\GITHUB\SUITEMUP\1. SUIT 'EM UP GAME DEVELOPMENT\SUITEMUP\SUITEMUP\DEBUG\TRUCK.OBJ
C:\USERS\LABAN\DOCUMENTS\GITHUB\SUITEMUP\1. SUIT 'EM UP GAME DEVELOPMENT\SUITEMUP\SUITEMUP\DEBUG\TITLESCREEN.OBJ
C:\USERS\LABAN\DOCUMENTS\GITHUB\SUITEMUP\1. SUIT 'EM UP GAME DEVELOPMENT\SUITEMUP\SUITEMUP\DEBUG\STATEMANAGER.OBJ
C:\USERS\LABAN\DOCUMENTS\GITHUB\SUITEMUP\1. SUIT 'EM UP GAME DEVELOPMENT\SUITEMUP\SUITEMUP\DEBUG\UTILS.OBJ
C:\USERS\LABAN\DOCUMENTS\GITHUB\SUITEMUP\1. SUIT 'EM UP GAME DEVELOPMENT\SUITEMUP\SUITEMUP\DEBUG\COLLIDER.OBJ
C:\USERS\LABAN\DOCUMENTS\GITHUB\SUITEMUP\1. SUIT 'EM UP GAME DEVELOPMENT\SUITEMUP\SUITEMUP\DEBUG\COLLISIONMANAGER.OBJ
C:\USERS\LABAN\DOCUMENTS\GITHUB\SUITEMUP\1. SUIT 'EM UP GAME DEVELOPMENT\SUITEMUP\SUITEMUP\DEBUG\CONFIG.OBJ
C:\USERS\LABAN\DOCUMENTS\GITHUB\SUITEMUP\1. SUIT 'EM UP GAME DEVELOPMENT\SUITEMUP\SUITEMUP\DEBUG\CUSTOMIZE.OBJ
C:\USERS\LABAN\DOCUMENTS\GITHUB\SUITEMUP\1. SUIT 'EM UP GAME DEVELOPMENT\SUITEMUP\SUITEMUP\DEBUG\DRAWMANAGER.OBJ
C:\USERS\LABAN\DOCUMENTS\GITHUB\SUITEMUP\1. SUIT 'EM UP GAME DEVELOPMENT\SUITEMUP\SUITEMUP\DEBUG\ENEMYOBJECT.OBJ
C:\USERS\LABAN\DOCUMENTS\GITHUB\SUITEMUP\1. SUIT 'EM UP GAME DEVELOPMENT\SUITEMUP\SUITEMUP\DEBUG\VC110.PDB
C:\USERS\LABAN\DOCUMENTS\GITHUB\SUITEMUP\1. SUIT 'EM UP GAME DEVELOPMENT\SUITEMUP\SUITEMUP\DEBUG\SPRITE.OBJ
C:\USERS\LABAN\DOCUMENTS\GITHUB\SUITEMUP\1. SUIT 'EM UP GAME DEVELOPMENT\SUITEMUP\SUITEMUP\DEBUG\BUTTONMANAGER.OBJ
C:\USERS\LABAN\DOCUMENTS\GITHUB\SUITEMUP\1. SUIT 'EM UP GAME DEVELOPMENT\SUITEMUP\SUITEMUP\DEBUG\BUTTON.OBJ
C:\Users\Laban\Documents\GitHub\SuitEmUp\1. Suit 'em up Game Development\SuitEmUp\SuitEmUp\Debug\Button.obj
C:\Users\Laban\Documents\GitHub\SuitEmUp\1. Suit 'em up Game Development\SuitEmUp\SuitEmUp\Debug\ButtonManager.obj
C:\Users\Laban\Documents\GitHub\SuitEmUp\1. Suit 'em up Game Development\SuitEmUp\SuitEmUp\Debug\Collider.obj
C:\Users\Laban\Documents\GitHub\SuitEmUp\1. Suit 'em up Game Development\SuitEmUp\SuitEmUp\Debug\CollisionManager.obj
C:\Users\Laban\Documents\GitHub\SuitEmUp\1. Suit 'em up Game Development\SuitEmUp\SuitEmUp\Debug\Config.obj
C:\Users\Laban\Documents\GitHub\SuitEmUp\1. Suit 'em up Game Development\SuitEmUp\SuitEmUp\Debug\Customize.obj
C:\Users\Laban\Documents\GitHub\SuitEmUp\1. Suit 'em up Game Development\SuitEmUp\SuitEmUp\Debug\DrawManager.obj
C:\Users\Laban\Documents\GitHub\SuitEmUp\1. Suit 'em up Game Development\SuitEmUp\SuitEmUp\Debug\EnemyObject.obj
C:\Users\Laban\Documents\GitHub\SuitEmUp\1. Suit 'em up Game Development\SuitEmUp\SuitEmUp\Debug\EnemyProjectile.obj
C:\Users\Laban\Documents\GitHub\SuitEmUp\1. Suit 'em up Game Development\SuitEmUp\SuitEmUp\Debug\Engine.obj
C:\Users\Laban\Documents\GitHub\SuitEmUp\1. Suit 'em up Game Development\SuitEmUp\SuitEmUp\Debug\Game.obj
C:\Users\Laban\Documents\GitHub\SuitEmUp\1. Suit 'em up Game Development\SuitEmUp\SuitEmUp\Debug\GameObject.obj
C:\Users\Laban\Documents\GitHub\SuitEmUp\1. Suit 'em up Game Development\SuitEmUp\SuitEmUp\Debug\GameObjectManager.obj
C:\Users\Laban\Documents\GitHub\SuitEmUp\1. Suit 'em up Game Development\SuitEmUp\SuitEmUp\Debug\InputManager.obj
C:\Users\Laban\Documents\GitHub\SuitEmUp\1. Suit 'em up Game Development\SuitEmUp\SuitEmUp\Debug\Level.obj
C:\Users\Laban\Documents\GitHub\SuitEmUp\1. Suit 'em up Game Development\SuitEmUp\SuitEmUp\Debug\main.obj
C:\Users\Laban\Documents\GitHub\SuitEmUp\1. Suit 'em up Game Development\SuitEmUp\SuitEmUp\Debug\MainMenu.obj
C:\Users\Laban\Documents\GitHub\SuitEmUp\1. Suit 'em up Game Development\SuitEmUp\SuitEmUp\Debug\MovingGameObject.obj
C:\Users\Laban\Documents\GitHub\SuitEmUp\1. Suit 'em up Game Development\SuitEmUp\SuitEmUp\Debug\Options.obj
C:\Users\Laban\Documents\GitHub\SuitEmUp\1. Suit 'em up Game Development\SuitEmUp\SuitEmUp\Debug\PlayerObject.obj
C:\Users\Laban\Documents\GitHub\SuitEmUp\1. Suit 'em up Game Development\SuitEmUp\SuitEmUp\Debug\PlayerProjectile.obj
C:\Users\Laban\Documents\GitHub\SuitEmUp\1. Suit 'em up Game Development\SuitEmUp\SuitEmUp\Debug\Projectile.obj
C:\Users\Laban\Documents\GitHub\SuitEmUp\1. Suit 'em up Game Development\SuitEmUp\SuitEmUp\Debug\Spawner.obj
C:\Users\Laban\Documents\GitHub\SuitEmUp\1. Suit 'em up Game Development\SuitEmUp\SuitEmUp\Debug\Sprite.obj
C:\Users\Laban\Documents\GitHub\SuitEmUp\1. Suit 'em up Game Development\SuitEmUp\SuitEmUp\Debug\SpriteManager.obj
C:\Users\Laban\Documents\GitHub\SuitEmUp\1. Suit 'em up Game Development\SuitEmUp\SuitEmUp\Debug\StateManager.obj
C:\Users\Laban\Documents\GitHub\SuitEmUp\1. Suit 'em up Game Development\SuitEmUp\SuitEmUp\Debug\StateManagers.obj
C:\Users\Laban\Documents\GitHub\SuitEmUp\1. Suit 'em up Game Development\SuitEmUp\SuitEmUp\Debug\TitleScreen.obj
C:\Users\Laban\Documents\GitHub\SuitEmUp\1. Suit 'em up Game Development\SuitEmUp\SuitEmUp\Debug\Truck.obj
C:\Users\Laban\Documents\GitHub\SuitEmUp\1. Suit 'em up Game Development\SuitEmUp\SuitEmUp\Debug\Utils.obj
C:\Users\Laban\Documents\GitHub\SuitEmUp\1. Suit 'em up Game Development\SuitEmUp\SuitEmUp\Debug\cl.command.1.tlog
C:\Users\Laban\Documents\GitHub\SuitEmUp\1. Suit 'em up Game Development\SuitEmUp\SuitEmUp\Debug\CL.read.1.tlog
C:\Users\Laban\Documents\GitHub\SuitEmUp\1. Suit 'em up Game Development\SuitEmUp\SuitEmUp\Debug\CL.write.1.tlog
C:\Users\Laban\Documents\GitHub\SuitEmUp\1. Suit 'em up Game Development\SuitEmUp\SuitEmUp\Debug\link-cvtres.read.1.tlog
C:\Users\Laban\Documents\GitHub\SuitEmUp\1. Suit 'em up Game Development\SuitEmUp\SuitEmUp\Debug\link-cvtres.write.1.tlog
C:\Users\Laban\Documents\GitHub\SuitEmUp\1. Suit 'em up Game Development\SuitEmUp\SuitEmUp\Debug\link-rc.read.1.tlog
C:\Users\Laban\Documents\GitHub\SuitEmUp\1. Suit 'em up Game Development\SuitEmUp\SuitEmUp\Debug\link-rc.write.1.tlog
C:\Users\Laban\Documents\GitHub\SuitEmUp\1. Suit 'em up Game Development\SuitEmUp\SuitEmUp\Debug\link.10744-cvtres.read.1.tlog
C:\Users\Laban\Documents\GitHub\SuitEmUp\1. Suit 'em up Game Development\SuitEmUp\SuitEmUp\Debug\link.10744-cvtres.write.1.tlog
C:\Users\Laban\Documents\GitHub\SuitEmUp\1. Suit 'em up Game Development\SuitEmUp\SuitEmUp\Debug\link.10744-rc.read.1.tlog
C:\Users\Laban\Documents\GitHub\SuitEmUp\1. Suit 'em up Game Development\SuitEmUp\SuitEmUp\Debug\link.10744-rc.write.1.tlog
C:\Users\Laban\Documents\GitHub\SuitEmUp\1. Suit 'em up Game Development\SuitEmUp\SuitEmUp\Debug\link.10744.read.1.tlog
C:\Users\Laban\Documents\GitHub\SuitEmUp\1. Suit 'em up Game Development\SuitEmUp\SuitEmUp\Debug\link.10744.write.1.tlog
C:\Users\Laban\Documents\GitHub\SuitEmUp\1. Suit 'em up Game Development\SuitEmUp\SuitEmUp\Debug\link.10916-cvtres.read.1.tlog
C:\Users\Laban\Documents\GitHub\SuitEmUp\1. Suit 'em up Game Development\SuitEmUp\SuitEmUp\Debug\link.10916-cvtres.write.1.tlog
C:\Users\Laban\Documents\GitHub\SuitEmUp\1. Suit 'em up Game Development\SuitEmUp\SuitEmUp\Debug\link.10916-rc.read.1.tlog
C:\Users\Laban\Documents\GitHub\SuitEmUp\1. Suit 'em up Game Development\SuitEmUp\SuitEmUp\Debug\link.10916-rc.write.1.tlog
C:\Users\Laban\Documents\GitHub\SuitEmUp\1. Suit 'em up Game Development\SuitEmUp\SuitEmUp\Debug\link.10916.read.1.tlog
C:\Users\Laban\Documents\GitHub\SuitEmUp\1. Suit 'em up Game Development\SuitEmUp\SuitEmUp\Debug\link.10916.write.1.tlog
C:\Users\Laban\Documents\GitHub\SuitEmUp\1. Suit 'em up Game Development\SuitEmUp\SuitEmUp\Debug\link.10956-cvtres.read.1.tlog
C:\Users\Laban\Documents\GitHub\SuitEmUp\1. Suit 'em up Game Development\SuitEmUp\SuitEmUp\Debug\link.10956-cvtres.write.1.tlog
C:\Users\Laban\Documents\GitHub\SuitEmUp\1. Suit 'em up Game Development\SuitEmUp\SuitEmUp\Debug\link.10956-rc.read.1.tlog
C:\Users\Laban\Documents\GitHub\SuitEmUp\1. Suit 'em up Game Development\SuitEmUp\SuitEmUp\Debug\link.10956-rc.write.1.tlog
C:\Users\Laban\Documents\GitHub\SuitEmUp\1. Suit 'em up Game Development\SuitEmUp\SuitEmUp\Debug\link.10956.read.1.tlog
C:\Users\Laban\Documents\GitHub\SuitEmUp\1. Suit 'em up Game Development\SuitEmUp\SuitEmUp\Debug\link.10956.write.1.tlog
C:\Users\Laban\Documents\GitHub\SuitEmUp\1. Suit 'em up Game Development\SuitEmUp\SuitEmUp\Debug\link.11036-cvtres.read.1.tlog
C:\Users\Laban\Documents\GitHub\SuitEmUp\1. Suit 'em up Game Development\SuitEmUp\SuitEmUp\Debug\link.11036-cvtres.write.1.tlog
C:\Users\Laban\Documents\GitHub\SuitEmUp\1. Suit 'em up Game Development\SuitEmUp\SuitEmUp\Debug\link.11036-rc.read.1.tlog
C:\Users\Laban\Documents\GitHub\SuitEmUp\1. Suit 'em up Game Development\SuitEmUp\SuitEmUp\Debug\link.11036-rc.write.1.tlog
C:\Users\Laban\Documents\GitHub\SuitEmUp\1. Suit 'em up Game Development\SuitEmUp\SuitEmUp\Debug\link.11036.read.1.tlog
C:\Users\Laban\Documents\GitHub\SuitEmUp\1. Suit 'em up Game Development\SuitEmUp\SuitEmUp\Debug\link.11036.write.1.tlog
C:\Users\Laban\Documents\GitHub\SuitEmUp\1. Suit 'em up Game Development\SuitEmUp\SuitEmUp\Debug\link.11148-cvtres.read.1.tlog
C:\Users\Laban\Documents\GitHub\SuitEmUp\1. Suit 'em up Game Development\SuitEmUp\SuitEmUp\Debug\link.11148-cvtres.write.1.tlog
C:\Users\Laban\Documents\GitHub\SuitEmUp\1. Suit 'em up Game Development\SuitEmUp\SuitEmUp\Debug\link.11148-rc.read.1.tlog
C:\Users\Laban\Documents\GitHub\SuitEmUp\1. Suit 'em up Game Development\SuitEmUp\SuitEmUp\Debug\link.11148-rc.write.1.tlog
C:\Users\Laban\Documents\GitHub\SuitEmUp\1. Suit 'em up Game Development\SuitEmUp\SuitEmUp\Debug\link.11148.read.1.tlog
C:\Users\Laban\Documents\GitHub\SuitEmUp\1. Suit 'em up Game Development\SuitEmUp\SuitEmUp\Debug\link.11148.write.1.tlog
C:\Users\Laban\Documents\GitHub\SuitEmUp\1. Suit 'em up Game Development\SuitEmUp\SuitEmUp\Debug\link.11208-cvtres.read.1.tlog
C:\Users\Laban\Documents\GitHub\SuitEmUp\1. Suit 'em up Game Development\SuitEmUp\SuitEmUp\Debug\link.11208-cvtres.write.1.tlog
C:\Users\Laban\Documents\GitHub\SuitEmUp\1. Suit 'em up Game Development\SuitEmUp\SuitEmUp\Debug\link.11208-rc.read.1.tlog
C:\Users\Laban\Documents\GitHub\SuitEmUp\1. Suit 'em up Game Development\SuitEmUp\SuitEmUp\Debug\link.11208-rc.write.1.tlog
C:\Users\Laban\Documents\GitHub\SuitEmUp\1. Suit 'em up Game Development\SuitEmUp\SuitEmUp\Debug\link.11208.read.1.tlog
C:\Users\Laban\Documents\GitHub\SuitEmUp\1. Suit 'em up Game Development\SuitEmUp\SuitEmUp\Debug\link.11208.write.1.tlog
C:\Users\Laban\Documents\GitHub\SuitEmUp\1. Suit 'em up Game Development\SuitEmUp\SuitEmUp\Debug\link.11228-cvtres.read.1.tlog
C:\Users\Laban\Documents\GitHub\SuitEmUp\1. Suit 'em up Game Development\SuitEmUp\SuitEmUp\Debug\link.11228-cvtres.write.1.tlog
C:\Users\Laban\Documents\GitHub\SuitEmUp\1. Suit 'em up Game Development\SuitEmUp\SuitEmUp\Debug\link.11228-rc.read.1.tlog
C:\Users\Laban\Documents\GitHub\SuitEmUp\1. Suit 'em up Game Development\SuitEmUp\SuitEmUp\Debug\link.11228-rc.write.1.tlog
C:\Users\Laban\Documents\GitHub\SuitEmUp\1. Suit 'em up Game Development\SuitEmUp\SuitEmUp\Debug\link.11228.read.1.tlog
C:\Users\Laban\Documents\GitHub\SuitEmUp\1. Suit 'em up Game Development\SuitEmUp\SuitEmUp\Debug\link.11228.write.1.tlog
C:\Users\Laban\Documents\GitHub\SuitEmUp\1. Suit 'em up Game Development\SuitEmUp\SuitEmUp\Debug\link.11368-cvtres.read.1.tlog
C:\Users\Laban\Documents\GitHub\SuitEmUp\1. Suit 'em up Game Development\SuitEmUp\SuitEmUp\Debug\link.11368-cvtres.write.1.tlog
C:\Users\Laban\Documents\GitHub\SuitEmUp\1. Suit 'em up Game Development\SuitEmUp\SuitEmUp\Debug\link.11368-rc.read.1.tlog
C:\Users\Laban\Documents\GitHub\SuitEmUp\1. Suit 'em up Game Development\SuitEmUp\SuitEmUp\Debug\link.11368-rc.write.1.tlog
C:\Users\Laban\Documents\GitHub\SuitEmUp\1. Suit 'em up Game Development\SuitEmUp\SuitEmUp\Debug\link.11368.read.1.tlog
C:\Users\Laban\Documents\GitHub\SuitEmUp\1. Suit 'em up Game Development\SuitEmUp\SuitEmUp\Debug\link.11368.write.1.tlog
C:\Users\Laban\Documents\GitHub\SuitEmUp\1. Suit 'em up Game Development\SuitEmUp\SuitEmUp\Debug\link.11552-cvtres.read.1.tlog
C:\Users\Laban\Documents\GitHub\SuitEmUp\1. Suit 'em up Game Development\SuitEmUp\SuitEmUp\Debug\link.11552-cvtres.write.1.tlog
C:\Users\Laban\Documents\GitHub\SuitEmUp\1. Suit 'em up Game Development\SuitEmUp\SuitEmUp\Debug\link.11552-rc.read.1.tlog
C:\Users\Laban\Documents\GitHub\SuitEmUp\1. Suit 'em up Game Development\SuitEmUp\SuitEmUp\Debug\link.11552-rc.write.1.tlog
C:\Users\Laban\Documents\GitHub\SuitEmUp\1. Suit 'em up Game Development\SuitEmUp\SuitEmUp\Debug\link.11552.read.1.tlog
C:\Users\Laban\Documents\GitHub\SuitEmUp\1. Suit 'em up Game Development\SuitEmUp\SuitEmUp\Debug\link.11552.write.1.tlog
C:\Users\Laban\Documents\GitHub\SuitEmUp\1. Suit 'em up Game Development\SuitEmUp\SuitEmUp\Debug\link.12012-cvtres.read.1.tlog
C:\Users\Laban\Documents\GitHub\SuitEmUp\1. Suit 'em up Game Development\SuitEmUp\SuitEmUp\Debug\link.12012-cvtres.write.1.tlog
C:\Users\Laban\Documents\GitHub\SuitEmUp\1. Suit 'em up Game Development\SuitEmUp\SuitEmUp\Debug\link.12012-rc.read.1.tlog
C:\Users\Laban\Documents\GitHub\SuitEmUp\1. Suit 'em up Game Development\SuitEmUp\SuitEmUp\Debug\link.12012-rc.write.1.tlog
C:\Users\Laban\Documents\GitHub\SuitEmUp\1. Suit 'em up Game Development\SuitEmUp\SuitEmUp\Debug\link.12012.read.1.tlog
C:\Users\Laban\Documents\GitHub\SuitEmUp\1. Suit 'em up Game Development\SuitEmUp\SuitEmUp\Debug\link.12012.write.1.tlog
C:\Users\Laban\Documents\GitHub\SuitEmUp\1. Suit 'em up Game Development\SuitEmUp\SuitEmUp\Debug\link.1228-cvtres.read.1.tlog
C:\Users\Laban\Documents\GitHub\SuitEmUp\1. Suit 'em up Game Development\SuitEmUp\SuitEmUp\Debug\link.1228-cvtres.write.1.tlog
C:\Users\Laban\Documents\GitHub\SuitEmUp\1. Suit 'em up Game Development\SuitEmUp\SuitEmUp\Debug\link.1228-rc.read.1.tlog
C:\Users\Laban\Documents\GitHub\SuitEmUp\1. Suit 'em up Game Development\SuitEmUp\SuitEmUp\Debug\link.1228-rc.write.1.tlog
C:\Users\Laban\Documents\GitHub\SuitEmUp\1. Suit 'em up Game Development\SuitEmUp\SuitEmUp\Debug\link.1228.read.1.tlog
C:\Users\Laban\Documents\GitHub\SuitEmUp\1. Suit 'em up Game Development\SuitEmUp\SuitEmUp\Debug\link.1228.write.1.tlog
C:\Users\Laban\Documents\GitHub\SuitEmUp\1. Suit 'em up Game Development\SuitEmUp\SuitEmUp\Debug\link.188-cvtres.read.1.tlog
C:\Users\Laban\Documents\GitHub\SuitEmUp\1. Suit 'em up Game Development\SuitEmUp\SuitEmUp\Debug\link.188-cvtres.write.1.tlog
C:\Users\Laban\Documents\GitHub\SuitEmUp\1. Suit 'em up Game Development\SuitEmUp\SuitEmUp\Debug\link.188-rc.read.1.tlog
C:\Users\Laban\Documents\GitHub\SuitEmUp\1. Suit 'em up Game Development\SuitEmUp\SuitEmUp\Debug\link.188-rc.write.1.tlog
C:\Users\Laban\Documents\GitHub\SuitEmUp\1. Suit 'em up Game Development\SuitEmUp\SuitEmUp\Debug\link.188.read.1.tlog
C:\Users\Laban\Documents\GitHub\SuitEmUp\1. Suit 'em up Game Development\SuitEmUp\SuitEmUp\Debug\link.188.write.1.tlog
C:\Users\Laban\Documents\GitHub\SuitEmUp\1. Suit 'em up Game Development\SuitEmUp\SuitEmUp\Debug\link.1920-cvtres.read.1.tlog
C:\Users\Laban\Documents\GitHub\SuitEmUp\1. Suit 'em up Game Development\SuitEmUp\SuitEmUp\Debug\link.1920-cvtres.write.1.tlog
C:\Users\Laban\Documents\GitHub\SuitEmUp\1. Suit 'em up Game Development\SuitEmUp\SuitEmUp\Debug\link.1920-rc.read.1.tlog
C:\Users\Laban\Documents\GitHub\SuitEmUp\1. Suit 'em up Game Development\SuitEmUp\SuitEmUp\Debug\link.1920-rc.write.1.tlog
C:\Users\Laban\Documents\GitHub\SuitEmUp\1. Suit 'em up Game Development\SuitEmUp\SuitEmUp\Debug\link.1920.read.1.tlog
C:\Users\Laban\Documents\GitHub\SuitEmUp\1. Suit 'em up Game Development\SuitEmUp\SuitEmUp\Debug\link.1920.write.1.tlog
C:\Users\Laban\Documents\GitHub\SuitEmUp\1. Suit 'em up Game Development\SuitEmUp\SuitEmUp\Debug\link.2468-cvtres.read.1.tlog
C:\Users\Laban\Documents\GitHub\SuitEmUp\1. Suit 'em up Game Development\SuitEmUp\SuitEmUp\Debug\link.2468-cvtres.write.1.tlog
C:\Users\Laban\Documents\GitHub\SuitEmUp\1. Suit 'em up Game Development\SuitEmUp\SuitEmUp\Debug\link.2468-rc.read.1.tlog
C:\Users\Laban\Documents\GitHub\SuitEmUp\1. Suit 'em up Game Development\SuitEmUp\SuitEmUp\Debug\link.2468-rc.write.1.tlog
C:\Users\Laban\Documents\GitHub\SuitEmUp\1. Suit 'em up Game Development\SuitEmUp\SuitEmUp\Debug\link.2468.read.1.tlog
C:\Users\Laban\Documents\GitHub\SuitEmUp\1. Suit 'em up Game Development\SuitEmUp\SuitEmUp\Debug\link.2468.write.1.tlog
C:\Users\Laban\Documents\GitHub\SuitEmUp\1. Suit 'em up Game Development\SuitEmUp\SuitEmUp\Debug\link.2812-cvtres.read.1.tlog
C:\Users\Laban\Documents\GitHub\SuitEmUp\1. Suit 'em up Game Development\SuitEmUp\SuitEmUp\Debug\link.2812-cvtres.write.1.tlog
C:\Users\Laban\Documents\GitHub\SuitEmUp\1. Suit 'em up Game Development\SuitEmUp\SuitEmUp\Debug\link.2812-rc.read.1.tlog
C:\Users\Laban\Documents\GitHub\SuitEmUp\1. Suit 'em up Game Development\SuitEmUp\SuitEmUp\Debug\link.2812-rc.write.1.tlog
C:\Users\Laban\Documents\GitHub\SuitEmUp\1. Suit 'em up Game Development\SuitEmUp\SuitEmUp\Debug\link.2812.read.1.tlog
C:\Users\Laban\Documents\GitHub\SuitEmUp\1. Suit 'em up Game Development\SuitEmUp\SuitEmUp\Debug\link.2812.write.1.tlog
C:\Users\Laban\Documents\GitHub\SuitEmUp\1. Suit 'em up Game Development\SuitEmUp\SuitEmUp\Debug\link.3340-cvtres.read.1.tlog
C:\Users\Laban\Documents\GitHub\SuitEmUp\1. Suit 'em up Game Development\SuitEmUp\SuitEmUp\Debug\link.3340-cvtres.write.1.tlog
C:\Users\Laban\Documents\GitHub\SuitEmUp\1. Suit 'em up Game Development\SuitEmUp\SuitEmUp\Debug\link.3340-rc.read.1.tlog
C:\Users\Laban\Documents\GitHub\SuitEmUp\1. Suit 'em up Game Development\SuitEmUp\SuitEmUp\Debug\link.3340-rc.write.1.tlog
C:\Users\Laban\Documents\GitHub\SuitEmUp\1. Suit 'em up Game Development\SuitEmUp\SuitEmUp\Debug\link.3340.read.1.tlog
C:\Users\Laban\Documents\GitHub\SuitEmUp\1. Suit 'em up Game Development\SuitEmUp\SuitEmUp\Debug\link.3340.write.1.tlog
C:\Users\Laban\Documents\GitHub\SuitEmUp\1. Suit 'em up Game Development\SuitEmUp\SuitEmUp\Debug\link.4212-cvtres.read.1.tlog
C:\Users\Laban\Documents\GitHub\SuitEmUp\1. Suit 'em up Game Development\SuitEmUp\SuitEmUp\Debug\link.4212-cvtres.write.1.tlog
C:\Users\Laban\Documents\GitHub\SuitEmUp\1. Suit 'em up Game Development\SuitEmUp\SuitEmUp\Debug\link.4212-rc.read.1.tlog
C:\Users\Laban\Documents\GitHub\SuitEmUp\1. Suit 'em up Game Development\SuitEmUp\SuitEmUp\Debug\link.4212-rc.write.1.tlog
C:\Users\Laban\Documents\GitHub\SuitEmUp\1. Suit 'em up Game Development\SuitEmUp\SuitEmUp\Debug\link.4212.read.1.tlog
C:\Users\Laban\Documents\GitHub\SuitEmUp\1. Suit 'em up Game Development\SuitEmUp\SuitEmUp\Debug\link.4212.write.1.tlog
C:\Users\Laban\Documents\GitHub\SuitEmUp\1. Suit 'em up Game Development\SuitEmUp\SuitEmUp\Debug\link.4456-cvtres.read.1.tlog
C:\Users\Laban\Documents\GitHub\SuitEmUp\1. Suit 'em up Game Development\SuitEmUp\SuitEmUp\Debug\link.4456-cvtres.write.1.tlog
C:\Users\Laban\Documents\GitHub\SuitEmUp\1. Suit 'em up Game Development\SuitEmUp\SuitEmUp\Debug\link.4456-rc.read.1.tlog
C:\Users\Laban\Documents\GitHub\SuitEmUp\1. Suit 'em up Game Development\SuitEmUp\SuitEmUp\Debug\link.4456-rc.write.1.tlog
C:\Users\Laban\Documents\GitHub\SuitEmUp\1. Suit 'em up Game Development\SuitEmUp\SuitEmUp\Debug\link.4456.read.1.tlog
C:\Users\Laban\Documents\GitHub\SuitEmUp\1. Suit 'em up Game Development\SuitEmUp\SuitEmUp\Debug\link.4456.write.1.tlog
C:\Users\Laban\Documents\GitHub\SuitEmUp\1. Suit 'em up Game Development\SuitEmUp\SuitEmUp\Debug\link.5372-cvtres.read.1.tlog
C:\Users\Laban\Documents\GitHub\SuitEmUp\1. Suit 'em up Game Development\SuitEmUp\SuitEmUp\Debug\link.5372-cvtres.write.1.tlog
C:\Users\Laban\Documents\GitHub\SuitEmUp\1. Suit 'em up Game Development\SuitEmUp\SuitEmUp\Debug\link.5372-rc.read.1.tlog
C:\Users\Laban\Documents\GitHub\SuitEmUp\1. Suit 'em up Game Development\SuitEmUp\SuitEmUp\Debug\link.5372-rc.write.1.tlog
C:\Users\Laban\Documents\GitHub\SuitEmUp\1. Suit 'em up Game Development\SuitEmUp\SuitEmUp\Debug\link.5372.read.1.tlog
C:\Users\Laban\Documents\GitHub\SuitEmUp\1. Suit 'em up Game Development\SuitEmUp\SuitEmUp\Debug\link.5372.write.1.tlog
C:\Users\Laban\Documents\GitHub\SuitEmUp\1. Suit 'em up Game Development\SuitEmUp\SuitEmUp\Debug\link.5376-cvtres.read.1.tlog
C:\Users\Laban\Documents\GitHub\SuitEmUp\1. Suit 'em up Game Development\SuitEmUp\SuitEmUp\Debug\link.5376-cvtres.write.1.tlog
C:\Users\Laban\Documents\GitHub\SuitEmUp\1. Suit 'em up Game Development\SuitEmUp\SuitEmUp\Debug\link.5376-rc.read.1.tlog
C:\Users\Laban\Documents\GitHub\SuitEmUp\1. Suit 'em up Game Development\SuitEmUp\SuitEmUp\Debug\link.5376-rc.write.1.tlog
C:\Users\Laban\Documents\GitHub\SuitEmUp\1. Suit 'em up Game Development\SuitEmUp\SuitEmUp\Debug\link.5376.read.1.tlog
C:\Users\Laban\Documents\GitHub\SuitEmUp\1. Suit 'em up Game Development\SuitEmUp\SuitEmUp\Debug\link.5376.write.1.tlog
C:\Users\Laban\Documents\GitHub\SuitEmUp\1. Suit 'em up Game Development\SuitEmUp\SuitEmUp\Debug\link.5420-cvtres.read.1.tlog
C:\Users\Laban\Documents\GitHub\SuitEmUp\1. Suit 'em up Game Development\SuitEmUp\SuitEmUp\Debug\link.5420-cvtres.write.1.tlog
C:\Users\Laban\Documents\GitHub\SuitEmUp\1. Suit 'em up Game Development\SuitEmUp\SuitEmUp\Debug\link.5420-rc.read.1.tlog
C:\Users\Laban\Documents\GitHub\SuitEmUp\1. Suit 'em up Game Development\SuitEmUp\SuitEmUp\Debug\link.5420-rc.write.1.tlog
C:\Users\Laban\Documents\GitHub\SuitEmUp\1. Suit 'em up Game Development\SuitEmUp\SuitEmUp\Debug\link.5420.read.1.tlog
C:\Users\Laban\Documents\GitHub\SuitEmUp\1. Suit 'em up Game Development\SuitEmUp\SuitEmUp\Debug\link.5420.write.1.tlog
C:\Users\Laban\Documents\GitHub\SuitEmUp\1. Suit 'em up Game Development\SuitEmUp\SuitEmUp\Debug\link.6048-cvtres.read.1.tlog
C:\Users\Laban\Documents\GitHub\SuitEmUp\1. Suit 'em up Game Development\SuitEmUp\SuitEmUp\Debug\link.6048-cvtres.write.1.tlog
C:\Users\Laban\Documents\GitHub\SuitEmUp\1. Suit 'em up Game Development\SuitEmUp\SuitEmUp\Debug\link.6048-rc.read.1.tlog
C:\Users\Laban\Documents\GitHub\SuitEmUp\1. Suit 'em up Game Development\SuitEmUp\SuitEmUp\Debug\link.6048-rc.write.1.tlog
C:\Users\Laban\Documents\GitHub\SuitEmUp\1. Suit 'em up Game Development\SuitEmUp\SuitEmUp\Debug\link.6048.read.1.tlog
C:\Users\Laban\Documents\GitHub\SuitEmUp\1. Suit 'em up Game Development\SuitEmUp\SuitEmUp\Debug\link.6048.write.1.tlog
C:\Users\Laban\Documents\GitHub\SuitEmUp\1. Suit 'em up Game Development\SuitEmUp\SuitEmUp\Debug\link.6240-cvtres.read.1.tlog
C:\Users\Laban\Documents\GitHub\SuitEmUp\1. Suit 'em up Game Development\SuitEmUp\SuitEmUp\Debug\link.6240-cvtres.write.1.tlog
C:\Users\Laban\Documents\GitHub\SuitEmUp\1. Suit 'em up Game Development\SuitEmUp\SuitEmUp\Debug\link.6240-rc.read.1.tlog
C:\Users\Laban\Documents\GitHub\SuitEmUp\1. Suit 'em up Game Development\SuitEmUp\SuitEmUp\Debug\link.6240-rc.write.1.tlog
C:\Users\Laban\Documents\GitHub\SuitEmUp\1. Suit 'em up Game Development\SuitEmUp\SuitEmUp\Debug\link.6240.read.1.tlog
C:\Users\Laban\Documents\GitHub\SuitEmUp\1. Suit 'em up Game Development\SuitEmUp\SuitEmUp\Debug\link.6240.write.1.tlog
C:\Users\Laban\Documents\GitHub\SuitEmUp\1. Suit 'em up Game Development\SuitEmUp\SuitEmUp\Debug\link.6284-cvtres.read.1.tlog
C:\Users\Laban\Documents\GitHub\SuitEmUp\1. Suit 'em up Game Development\SuitEmUp\SuitEmUp\Debug\link.6284-cvtres.write.1.tlog
C:\Users\Laban\Documents\GitHub\SuitEmUp\1. Suit 'em up Game Development\SuitEmUp\SuitEmUp\Debug\link.6284-rc.read.1.tlog
C:\Users\Laban\Documents\GitHub\SuitEmUp\1. Suit 'em up Game Development\SuitEmUp\SuitEmUp\Debug\link.6284-rc.write.1.tlog
C:\Users\Laban\Documents\GitHub\SuitEmUp\1. Suit 'em up Game Development\SuitEmUp\SuitEmUp\Debug\link.6284.read.1.tlog
C:\Users\Laban\Documents\GitHub\SuitEmUp\1. Suit 'em up Game Development\SuitEmUp\SuitEmUp\Debug\link.6284.write.1.tlog
C:\Users\Laban\Documents\GitHub\SuitEmUp\1. Suit 'em up Game Development\SuitEmUp\SuitEmUp\Debug\link.6312-cvtres.read.1.tlog
C:\Users\Laban\Documents\GitHub\SuitEmUp\1. Suit 'em up Game Development\SuitEmUp\SuitEmUp\Debug\link.6312-cvtres.write.1.tlog
C:\Users\Laban\Documents\GitHub\SuitEmUp\1. Suit 'em up Game Development\SuitEmUp\SuitEmUp\Debug\link.6312-rc.read.1.tlog
C:\Users\Laban\Documents\GitHub\SuitEmUp\1. Suit 'em up Game Development\SuitEmUp\SuitEmUp\Debug\link.6312-rc.write.1.tlog
C:\Users\Laban\Documents\GitHub\SuitEmUp\1. Suit 'em up Game Development\SuitEmUp\SuitEmUp\Debug\link.6312.read.1.tlog
C:\Users\Laban\Documents\GitHub\SuitEmUp\1. Suit 'em up Game Development\SuitEmUp\SuitEmUp\Debug\link.6312.write.1.tlog
C:\Users\Laban\Documents\GitHub\SuitEmUp\1. Suit 'em up Game Development\SuitEmUp\SuitEmUp\Debug\link.6588-cvtres.read.1.tlog
C:\Users\Laban\Documents\GitHub\SuitEmUp\1. Suit 'em up Game Development\SuitEmUp\SuitEmUp\Debug\link.6588-cvtres.write.1.tlog
C:\Users\Laban\Documents\GitHub\SuitEmUp\1. Suit 'em up Game Development\SuitEmUp\SuitEmUp\Debug\link.6588-rc.read.1.tlog
C:\Users\Laban\Documents\GitHub\SuitEmUp\1. Suit 'em up Game Development\SuitEmUp\SuitEmUp\Debug\link.6588-rc.write.1.tlog
C:\Users\Laban\Documents\GitHub\SuitEmUp\1. Suit 'em up Game Development\SuitEmUp\SuitEmUp\Debug\link.6588.read.1.tlog
C:\Users\Laban\Documents\GitHub\SuitEmUp\1. Suit 'em up Game Development\SuitEmUp\SuitEmUp\Debug\link.6588.write.1.tlog
C:\Users\Laban\Documents\GitHub\SuitEmUp\1. Suit 'em up Game Development\SuitEmUp\SuitEmUp\Debug\link.6776-cvtres.read.1.tlog
C:\Users\Laban\Documents\GitHub\SuitEmUp\1. Suit 'em up Game Development\SuitEmUp\SuitEmUp\Debug\link.6776-cvtres.write.1.tlog
C:\Users\Laban\Documents\GitHub\SuitEmUp\1. Suit 'em up Game Development\SuitEmUp\SuitEmUp\Debug\link.6776-rc.read.1.tlog
C:\Users\Laban\Documents\GitHub\SuitEmUp\1. Suit 'em up Game Development\SuitEmUp\SuitEmUp\Debug\link.6776-rc.write.1.tlog
C:\Users\Laban\Documents\GitHub\SuitEmUp\1. Suit 'em up Game Development\SuitEmUp\SuitEmUp\Debug\link.6776.read.1.tlog
C:\Users\Laban\Documents\GitHub\SuitEmUp\1. Suit 'em up Game Development\SuitEmUp\SuitEmUp\Debug\link.6776.write.1.tlog
C:\Users\Laban\Documents\GitHub\SuitEmUp\1. Suit 'em up Game Development\SuitEmUp\SuitEmUp\Debug\link.6812-cvtres.read.1.tlog
C:\Users\Laban\Documents\GitHub\SuitEmUp\1. Suit 'em up Game Development\SuitEmUp\SuitEmUp\Debug\link.6812-cvtres.write.1.tlog
C:\Users\Laban\Documents\GitHub\SuitEmUp\1. Suit 'em up Game Development\SuitEmUp\SuitEmUp\Debug\link.6812-rc.read.1.tlog
C:\Users\Laban\Documents\GitHub\SuitEmUp\1. Suit 'em up Game Development\SuitEmUp\SuitEmUp\Debug\link.6812-rc.write.1.tlog
C:\Users\Laban\Documents\GitHub\SuitEmUp\1. Suit 'em up Game Development\SuitEmUp\SuitEmUp\Debug\link.6812.read.1.tlog
C:\Users\Laban\Documents\GitHub\SuitEmUp\1. Suit 'em up Game Development\SuitEmUp\SuitEmUp\Debug\link.6812.write.1.tlog
C:\Users\Laban\Documents\GitHub\SuitEmUp\1. Suit 'em up Game Development\SuitEmUp\SuitEmUp\Debug\link.6832-cvtres.read.1.tlog
C:\Users\Laban\Documents\GitHub\SuitEmUp\1. Suit 'em up Game Development\SuitEmUp\SuitEmUp\Debug\link.6832-cvtres.write.1.tlog
C:\Users\Laban\Documents\GitHub\SuitEmUp\1. Suit 'em up Game Development\SuitEmUp\SuitEmUp\Debug\link.6832-rc.read.1.tlog
C:\Users\Laban\Documents\GitHub\SuitEmUp\1. Suit 'em up Game Development\SuitEmUp\SuitEmUp\Debug\link.6832-rc.write.1.tlog
C:\Users\Laban\Documents\GitHub\SuitEmUp\1. Suit 'em up Game Development\SuitEmUp\SuitEmUp\Debug\link.6832.read.1.tlog
C:\Users\Laban\Documents\GitHub\SuitEmUp\1. Suit 'em up Game Development\SuitEmUp\SuitEmUp\Debug\link.6832.write.1.tlog
C:\Users\Laban\Documents\GitHub\SuitEmUp\1. Suit 'em up Game Development\SuitEmUp\SuitEmUp\Debug\link.7220-cvtres.read.1.tlog
C:\Users\Laban\Documents\GitHub\SuitEmUp\1. Suit 'em up Game Development\SuitEmUp\SuitEmUp\Debug\link.7220-cvtres.write.1.tlog
C:\Users\Laban\Documents\GitHub\SuitEmUp\1. Suit 'em up Game Development\SuitEmUp\SuitEmUp\Debug\link.7220-rc.read.1.tlog
C:\Users\Laban\Documents\GitHub\SuitEmUp\1. Suit 'em up Game Development\SuitEmUp\SuitEmUp\Debug\link.7220-rc.write.1.tlog
C:\Users\Laban\Documents\GitHub\SuitEmUp\1. Suit 'em up Game Development\SuitEmUp\SuitEmUp\Debug\link.7220.read.1.tlog
C:\Users\Laban\Documents\GitHub\SuitEmUp\1. Suit 'em up Game Development\SuitEmUp\SuitEmUp\Debug\link.7220.write.1.tlog
C:\Users\Laban\Documents\GitHub\SuitEmUp\1. Suit 'em up Game Development\SuitEmUp\SuitEmUp\Debug\link.7340-cvtres.read.1.tlog
C:\Users\Laban\Documents\GitHub\SuitEmUp\1. Suit 'em up Game Development\SuitEmUp\SuitEmUp\Debug\link.7340-cvtres.write.1.tlog
C:\Users\Laban\Documents\GitHub\SuitEmUp\1. Suit 'em up Game Development\SuitEmUp\SuitEmUp\Debug\link.7340-rc.read.1.tlog
C:\Users\Laban\Documents\GitHub\SuitEmUp\1. Suit 'em up Game Development\SuitEmUp\SuitEmUp\Debug\link.7340-rc.write.1.tlog
C:\Users\Laban\Documents\GitHub\SuitEmUp\1. Suit 'em up Game Development\SuitEmUp\SuitEmUp\Debug\link.7340.read.1.tlog
C:\Users\Laban\Documents\GitHub\SuitEmUp\1. Suit 'em up Game Development\SuitEmUp\SuitEmUp\Debug\link.7340.write.1.tlog
C:\Users\Laban\Documents\GitHub\SuitEmUp\1. Suit 'em up Game Development\SuitEmUp\SuitEmUp\Debug\link.8188-cvtres.read.1.tlog
C:\Users\Laban\Documents\GitHub\SuitEmUp\1. Suit 'em up Game Development\SuitEmUp\SuitEmUp\Debug\link.8188-cvtres.write.1.tlog
C:\Users\Laban\Documents\GitHub\SuitEmUp\1. Suit 'em up Game Development\SuitEmUp\SuitEmUp\Debug\link.8188-rc.read.1.tlog
C:\Users\Laban\Documents\GitHub\SuitEmUp\1. Suit 'em up Game Development\SuitEmUp\SuitEmUp\Debug\link.8188-rc.write.1.tlog
C:\Users\Laban\Documents\GitHub\SuitEmUp\1. Suit 'em up Game Development\SuitEmUp\SuitEmUp\Debug\link.8188.read.1.tlog
C:\Users\Laban\Documents\GitHub\SuitEmUp\1. Suit 'em up Game Development\SuitEmUp\SuitEmUp\Debug\link.8188.write.1.tlog
C:\Users\Laban\Documents\GitHub\SuitEmUp\1. Suit 'em up Game Development\SuitEmUp\SuitEmUp\Debug\link.8208-cvtres.read.1.tlog
C:\Users\Laban\Documents\GitHub\SuitEmUp\1. Suit 'em up Game Development\SuitEmUp\SuitEmUp\Debug\link.8208-cvtres.write.1.tlog
C:\Users\Laban\Documents\GitHub\SuitEmUp\1. Suit 'em up Game Development\SuitEmUp\SuitEmUp\Debug\link.8208-rc.read.1.tlog
C:\Users\Laban\Documents\GitHub\SuitEmUp\1. Suit 'em up Game Development\SuitEmUp\SuitEmUp\Debug\link.8208-rc.write.1.tlog
C:\Users\Laban\Documents\GitHub\SuitEmUp\1. Suit 'em up Game Development\SuitEmUp\SuitEmUp\Debug\link.8208.read.1.tlog
C:\Users\Laban\Documents\GitHub\SuitEmUp\1. Suit 'em up Game Development\SuitEmUp\SuitEmUp\Debug\link.8208.write.1.tlog
C:\Users\Laban\Documents\GitHub\SuitEmUp\1. Suit 'em up Game Development\SuitEmUp\SuitEmUp\Debug\link.8528-cvtres.read.1.tlog
C:\Users\Laban\Documents\GitHub\SuitEmUp\1. Suit 'em up Game Development\SuitEmUp\SuitEmUp\Debug\link.8528-cvtres.write.1.tlog
C:\Users\Laban\Documents\GitHub\SuitEmUp\1. Suit 'em up Game Development\SuitEmUp\SuitEmUp\Debug\link.8528-rc.read.1.tlog
C:\Users\Laban\Documents\GitHub\SuitEmUp\1. Suit 'em up Game Development\SuitEmUp\SuitEmUp\Debug\link.8528-rc.write.1.tlog
C:\Users\Laban\Documents\GitHub\SuitEmUp\1. Suit 'em up Game Development\SuitEmUp\SuitEmUp\Debug\link.8528.read.1.tlog
C:\Users\Laban\Documents\GitHub\SuitEmUp\1. Suit 'em up Game Development\SuitEmUp\SuitEmUp\Debug\link.8528.write.1.tlog
C:\Users\Laban\Documents\GitHub\SuitEmUp\1. Suit 'em up Game Development\SuitEmUp\SuitEmUp\Debug\link.8892-cvtres.read.1.tlog
C:\Users\Laban\Documents\GitHub\SuitEmUp\1. Suit 'em up Game Development\SuitEmUp\SuitEmUp\Debug\link.8892-cvtres.write.1.tlog
C:\Users\Laban\Documents\GitHub\SuitEmUp\1. Suit 'em up Game Development\SuitEmUp\SuitEmUp\Debug\link.8892-rc.read.1.tlog
C:\Users\Laban\Documents\GitHub\SuitEmUp\1. Suit 'em up Game Development\SuitEmUp\SuitEmUp\Debug\link.8892-rc.write.1.tlog
C:\Users\Laban\Documents\GitHub\SuitEmUp\1. Suit 'em up Game Development\SuitEmUp\SuitEmUp\Debug\link.8892.read.1.tlog
C:\Users\Laban\Documents\GitHub\SuitEmUp\1. Suit 'em up Game Development\SuitEmUp\SuitEmUp\Debug\link.8892.write.1.tlog
C:\Users\Laban\Documents\GitHub\SuitEmUp\1. Suit 'em up Game Development\SuitEmUp\SuitEmUp\Debug\link.9320-cvtres.read.1.tlog
C:\Users\Laban\Documents\GitHub\SuitEmUp\1. Suit 'em up Game Development\SuitEmUp\SuitEmUp\Debug\link.9320-cvtres.write.1.tlog
C:\Users\Laban\Documents\GitHub\SuitEmUp\1. Suit 'em up Game Development\SuitEmUp\SuitEmUp\Debug\link.9320-rc.read.1.tlog
C:\Users\Laban\Documents\GitHub\SuitEmUp\1. Suit 'em up Game Development\SuitEmUp\SuitEmUp\Debug\link.9320-rc.write.1.tlog
C:\Users\Laban\Documents\GitHub\SuitEmUp\1. Suit 'em up Game Development\SuitEmUp\SuitEmUp\Debug\link.9320.read.1.tlog
C:\Users\Laban\Documents\GitHub\SuitEmUp\1. Suit 'em up Game Development\SuitEmUp\SuitEmUp\Debug\link.9320.write.1.tlog
C:\Users\Laban\Documents\GitHub\SuitEmUp\1. Suit 'em up Game Development\SuitEmUp\SuitEmUp\Debug\link.9424-cvtres.read.1.tlog
C:\Users\Laban\Documents\GitHub\SuitEmUp\1. Suit 'em up Game Development\SuitEmUp\SuitEmUp\Debug\link.9424-cvtres.write.1.tlog
C:\Users\Laban\Documents\GitHub\SuitEmUp\1. Suit 'em up Game Development\SuitEmUp\SuitEmUp\Debug\link.9424-rc.read.1.tlog
C:\Users\Laban\Documents\GitHub\SuitEmUp\1. Suit 'em up Game Development\SuitEmUp\SuitEmUp\Debug\link.9424-rc.write.1.tlog
C:\Users\Laban\Documents\GitHub\SuitEmUp\1. Suit 'em up Game Development\SuitEmUp\SuitEmUp\Debug\link.9424.read.1.tlog
C:\Users\Laban\Documents\GitHub\SuitEmUp\1. Suit 'em up Game Development\SuitEmUp\SuitEmUp\Debug\link.9424.write.1.tlog
C:\Users\Laban\Documents\GitHub\SuitEmUp\1. Suit 'em up Game Development\SuitEmUp\SuitEmUp\Debug\link.9456-cvtres.read.1.tlog
C:\Users\Laban\Documents\GitHub\SuitEmUp\1. Suit 'em up Game Development\SuitEmUp\SuitEmUp\Debug\link.9456-cvtres.write.1.tlog
C:\Users\Laban\Documents\GitHub\SuitEmUp\1. Suit 'em up Game Development\SuitEmUp\SuitEmUp\Debug\link.9456-rc.read.1.tlog
C:\Users\Laban\Documents\GitHub\SuitEmUp\1. Suit 'em up Game Development\SuitEmUp\SuitEmUp\Debug\link.9456-rc.write.1.tlog
C:\Users\Laban\Documents\GitHub\SuitEmUp\1. Suit 'em up Game Development\SuitEmUp\SuitEmUp\Debug\link.9456.read.1.tlog
C:\Users\Laban\Documents\GitHub\SuitEmUp\1. Suit 'em up Game Development\SuitEmUp\SuitEmUp\Debug\link.9456.write.1.tlog
C:\Users\Laban\Documents\GitHub\SuitEmUp\1. Suit 'em up Game Development\SuitEmUp\SuitEmUp\Debug\link.9540-cvtres.read.1.tlog
C:\Users\Laban\Documents\GitHub\SuitEmUp\1. Suit 'em up Game Development\SuitEmUp\SuitEmUp\Debug\link.9540-cvtres.write.1.tlog
C:\Users\Laban\Documents\GitHub\SuitEmUp\1. Suit 'em up Game Development\SuitEmUp\SuitEmUp\Debug\link.9540-rc.read.1.tlog
C:\Users\Laban\Documents\GitHub\SuitEmUp\1. Suit 'em up Game Development\SuitEmUp\SuitEmUp\Debug\link.9540-rc.write.1.tlog
C:\Users\Laban\Documents\GitHub\SuitEmUp\1. Suit 'em up Game Development\SuitEmUp\SuitEmUp\Debug\link.9540.read.1.tlog
C:\Users\Laban\Documents\GitHub\SuitEmUp\1. Suit 'em up Game Development\SuitEmUp\SuitEmUp\Debug\link.9540.write.1.tlog
C:\Users\Laban\Documents\GitHub\SuitEmUp\1. Suit 'em up Game Development\SuitEmUp\SuitEmUp\Debug\link.9624-cvtres.read.1.tlog
C:\Users\Laban\Documents\GitHub\SuitEmUp\1. Suit 'em up Game Development\SuitEmUp\SuitEmUp\Debug\link.9624-cvtres.write.1.tlog
C:\Users\Laban\Documents\GitHub\SuitEmUp\1. Suit 'em up Game Development\SuitEmUp\SuitEmUp\Debug\link.9624-rc.read.1.tlog
C:\Users\Laban\Documents\GitHub\SuitEmUp\1. Suit 'em up Game Development\SuitEmUp\SuitEmUp\Debug\link.9624-rc.write.1.tlog
C:\Users\Laban\Documents\GitHub\SuitEmUp\1. Suit 'em up Game Development\SuitEmUp\SuitEmUp\Debug\link.9624.read.1.tlog
C:\Users\Laban\Documents\GitHub\SuitEmUp\1. Suit 'em up Game Development\SuitEmUp\SuitEmUp\Debug\link.9624.write.1.tlog
C:\Users\Laban\Documents\GitHub\SuitEmUp\1. Suit 'em up Game Development\SuitEmUp\SuitEmUp\Debug\link.command.1.tlog
C:\Users\Laban\Documents\GitHub\SuitEmUp\1. Suit 'em up Game Development\SuitEmUp\SuitEmUp\Debug\link.read.1.tlog
C:\Users\Laban\Documents\GitHub\SuitEmUp\1. Suit 'em up Game Development\SuitEmUp\SuitEmUp\Debug\link.read.2.tlog
C:\Users\Laban\Documents\GitHub\SuitEmUp\1. Suit 'em up Game Development\SuitEmUp\SuitEmUp\Debug\link.write.1.tlog
C:\Users\Laban\Documents\GitHub\SuitEmUp\1. Suit 'em up Game Development\SuitEmUp\SuitEmUp\Debug\vc110.idb
C:\Users\Laban\Documents\GitHub\SuitEmUp\1. Suit 'em up Game Development\SuitEmUp\SuitEmUp\Debug\vc110.pdb
C:\Users\Laban\Documents\GitHub\SuitEmUp\1. Suit 'em up Game Development\SuitEmUp\Debug\SuitEmUp.pdb
