Build started 2014-02-20 09:52:30.
     1>Project "C:\Users\Laban\Documents\GitHub\SuitEmUp\1. Suit 'em up Game Development\SuitEmUp\SuitEmUp\SuitEmUp.vcxproj" on node 2 (Build target(s)).
     1>ClCompile:
         D:\Program Files (x86)\VC\bin\CL.exe /c /I"C:\cpp\SFML-2.1\include" /ZI /nologo /W3 /WX- /Od /Oy- /D WIN32 /D _DEBUG /D _CONSOLE /D _UNICODE /D UNICODE /Gm /EHsc /RTC1 /MDd /GS /fp:precise /Zc:wchar_t /Zc:forScope /Fo"Debug\\" /Fd"Debug\vc110.pdb" /Gd /TP /analyze- /errorReport:prompt "..\..\..\1. Suit 'em up Game Development\SuitEmUp\SuitEmUp\HpBar.cpp" "..\..\..\1. Suit 'em up Game Development\SuitEmUp\SuitEmUp\Score.cpp" "..\..\..\1. Suit 'em up Game Development\SuitEmUp\SuitEmUp\SniperGirl.cpp" "..\..\..\1. Suit 'em up Game Development\SuitEmUp\SuitEmUp\SuperEnemy.cpp"
         SuperEnemy.cpp
     1>c:\users\laban\documents\github\suitemup\1. suit 'em up game development\suitemup\suitemup\superenemy.cpp(33): warning C4305: '-=' : truncation from 'double' to 'float'
     1>c:\users\laban\documents\github\suitemup\1. suit 'em up game development\suitemup\suitemup\superenemy.cpp(72): warning C4244: 'return' : conversion from 'float' to 'int', possible loss of data
         SniperGirl.cpp
     1>c:\users\laban\documents\github\suitemup\1. suit 'em up game development\suitemup\suitemup\snipergirl.cpp(33): warning C4305: '-=' : truncation from 'double' to 'float'
     1>c:\users\laban\documents\github\suitemup\1. suit 'em up game development\suitemup\suitemup\snipergirl.cpp(72): warning C4244: 'return' : conversion from 'float' to 'int', possible loss of data
         Score.cpp
         HpBar.cpp
     1>c:\users\laban\documents\github\suitemup\1. suit 'em up game development\suitemup\suitemup\hpbar.cpp(13): warning C4244: 'argument' : conversion from 'int' to 'float', possible loss of data
     1>c:\users\laban\documents\github\suitemup\1. suit 'em up game development\suitemup\suitemup\hpbar.cpp(15): warning C4244: 'argument' : conversion from 'int' to 'float', possible loss of data
     1>c:\users\laban\documents\github\suitemup\1. suit 'em up game development\suitemup\suitemup\hpbar.cpp(17): warning C4244: 'argument' : conversion from 'int' to 'float', possible loss of data
         Generating Code...
       Link:
         D:\Program Files (x86)\VC\bin\link.exe /ERRORREPORT:PROMPT /OUT:"C:\Users\Laban\Documents\GitHub\SuitEmUp\1. Suit 'em up Game Development\SuitEmUp\Debug\SuitEmUp.exe" /INCREMENTAL /NOLOGO /LIBPATH:"C:\cpp\SFML-2.1\lib" "sfml-window-d.lib" "sfml-graphics-d.lib" "sfml-system-d.lib" "sfml-audio-d.lib" "sfml-network-d.lib" kernel32.lib user32.lib gdi32.lib winspool.lib comdlg32.lib advapi32.lib shell32.lib ole32.lib oleaut32.lib uuid.lib odbc32.lib odbccp32.lib /MANIFEST /MANIFESTUAC:"level='asInvoker' uiAccess='false'" /manifest:embed /DEBUG /PDB:"C:\Users\Laban\Documents\GitHub\SuitEmUp\1. Suit 'em up Game Development\SuitEmUp\Debug\SuitEmUp.pdb" /SUBSYSTEM:CONSOLE /TLBID:1 /DYNAMICBASE /NXCOMPAT /IMPLIB:"C:\Users\Laban\Documents\GitHub\SuitEmUp\1. Suit 'em up Game Development\SuitEmUp\Debug\SuitEmUp.lib" /MACHINE:X86 Debug\Button.obj
         Debug\ButtonManager.obj
         Debug\Collider.obj
         Debug\CollisionManager.obj
         Debug\Config.obj
         Debug\Customize.obj
         Debug\EnemyObject.obj
         Debug\EnemyProjectile.obj
         Debug\Engine.obj
         Debug\Game.obj
         Debug\GameObject.obj
         Debug\GameObjectManager.obj
         Debug\HpBar.obj
         Debug\InputManager.obj
         Debug\Level.obj
         Debug\main.obj
         Debug\MainMenu.obj
         Debug\MovingGameObject.obj
         Debug\Options.obj
         Debug\PlayerObject.obj
         Debug\PlayerProjectile.obj
         Debug\Projectile.obj
         Debug\RepairKit.obj
         Debug\Score.obj
         Debug\SniperGirl.obj
         Debug\Spawner.obj
         Debug\Sprite.obj
         Debug\SpriteManager.obj
         Debug\SuperEnemy.obj
         Debug\Truck.obj
         Debug\TitleScreen.obj
         Debug\StateManager.obj
         Debug\Utils.obj
         LINK : C:\Users\Laban\Documents\GitHub\SuitEmUp\1. Suit 'em up Game Development\SuitEmUp\Debug\SuitEmUp.exe not found or not built by the last incremental link; performing full link
         SuitEmUp.vcxproj -> C:\Users\Laban\Documents\GitHub\SuitEmUp\1. Suit 'em up Game Development\SuitEmUp\Debug\SuitEmUp.exe
     1>Done Building Project "C:\Users\Laban\Documents\GitHub\SuitEmUp\1. Suit 'em up Game Development\SuitEmUp\SuitEmUp\SuitEmUp.vcxproj" (Build target(s)).

Build succeeded.

Time Elapsed 00:00:06.38
